<?xml version="1.0" encoding="UTF-8"?>
<!-- Generated by org.testng.reporters.JUnitReportReporter -->
<testsuite skipped="0" hostname="CP-PC" name="com.automation.practise_automation.RestAssured_Test" tests="1" failures="0" timestamp="30 May 2019 16:59:53 GMT" time="5.210" errors="0">
  <testcase name="testToEqual" time="5.210" classname="com.automation.practise_automation.RestAssured_Test"/>
</testsuite> <!-- com.automation.practise_automation.RestAssured_Test -->
